app/build/intermediates/manifest_merge_blame_file/debug/manifest-merger-blame-debug-report.txt
1<?xml version="1.0" encoding="utf-8"?>
2<manifest xmlns:android="http://schemas.android.com/apk/res/android"
3    package="com.example.wordsandroid"
4    android:versionCode="1"
5    android:versionName="1.0" >
6
7    <uses-sdk
8        android:minSdkVersion="24"
9        android:targetSdkVersion="34" />
10
11    <permission
11-->[androidx.core:core:1.12.0] AndroidManifest.xml:22:5-24:47
12        android:name="com.example.wordsandroid.DYNAMIC_RECEIVER_NOT_EXPORTED_PERMISSION"
12-->[androidx.core:core:1.12.0] AndroidManifest.xml:23:9-81
13        android:protectionLevel="signature" />
13-->[androidx.core:core:1.12.0] AndroidManifest.xml:24:9-44
14
15    <uses-permission android:name="com.example.wordsandroid.DYNAMIC_RECEIVER_NOT_EXPORTED_PERMISSION" />
15-->[androidx.core:core:1.12.0] AndroidManifest.xml:26:5-97
15-->[androidx.core:core:1.12.0] AndroidManifest.xml:26:22-94
16
17    <application
17-->src/main/AndroidManifest.xml:5:5-30:19
18        android:name="com.example.wordsandroid.WordsApplication"
18-->src/main/AndroidManifest.xml:6:9-41
19        android:allowBackup="true"
19-->src/main/AndroidManifest.xml:7:9-35
20        android:appComponentFactory="androidx.core.app.CoreComponentFactory"
20-->[androidx.core:core:1.12.0] AndroidManifest.xml:28:18-86
21        android:dataExtractionRules="@xml/data_extraction_rules"
21-->src/main/AndroidManifest.xml:8:9-65
22        android:debuggable="true"
23        android:extractNativeLibs="false"
24        android:fullBackupContent="@xml/backup_rules"
24-->src/main/AndroidManifest.xml:9:9-54
25        android:icon="@drawable/ic_launcher"
25-->src/main/AndroidManifest.xml:10:9-45
26        android:label="@string/app_name"
26-->src/main/AndroidManifest.xml:11:9-41
27        android:roundIcon="@drawable/ic_launcher"
27-->src/main/AndroidManifest.xml:12:9-50
28        android:supportsRtl="true"
28-->src/main/AndroidManifest.xml:13:9-35
29        android:testOnly="true"
30        android:theme="@style/Theme.WordsAndroid" >
30-->src/main/AndroidManifest.xml:14:9-50
31        <activity
31-->src/main/AndroidManifest.xml:16:9-24:20
32            android:name="com.example.wordsandroid.MainActivity"
32-->src/main/AndroidManifest.xml:17:13-41
33            android:exported="true" >
33-->src/main/AndroidManifest.xml:18:13-36
34            <intent-filter>
34-->src/main/AndroidManifest.xml:19:13-23:29
35                <action android:name="android.intent.action.MAIN" />
35-->src/main/AndroidManifest.xml:20:17-69
35-->src/main/AndroidManifest.xml:20:25-66
36
37                <category android:name="android.intent.category.LAUNCHER" />
37-->src/main/AndroidManifest.xml:22:17-77
37-->src/main/AndroidManifest.xml:22:27-74
38            </intent-filter>
39        </activity>
40        <activity
40-->src/main/AndroidManifest.xml:25:9-29:58
41            android:name="com.example.wordsandroid.VocabularyBookActivity"
41-->src/main/AndroidManifest.xml:26:13-51
42            android:exported="false"
42-->src/main/AndroidManifest.xml:27:13-37
43            android:label="Vocabulary Book"
43-->src/main/AndroidManifest.xml:28:13-44
44            android:parentActivityName="com.example.wordsandroid.MainActivity" />
44-->src/main/AndroidManifest.xml:29:13-55
45
46        <provider
46-->[androidx.emoji2:emoji2:1.2.0] AndroidManifest.xml:24:9-32:20
47            android:name="androidx.startup.InitializationProvider"
47-->[androidx.emoji2:emoji2:1.2.0] AndroidManifest.xml:25:13-67
48            android:authorities="com.example.wordsandroid.androidx-startup"
48-->[androidx.emoji2:emoji2:1.2.0] AndroidManifest.xml:26:13-68
49            android:exported="false" >
49-->[androidx.emoji2:emoji2:1.2.0] AndroidManifest.xml:27:13-37
50            <meta-data
50-->[androidx.emoji2:emoji2:1.2.0] AndroidManifest.xml:29:13-31:52
51                android:name="androidx.emoji2.text.EmojiCompatInitializer"
51-->[androidx.emoji2:emoji2:1.2.0] AndroidManifest.xml:30:17-75
52                android:value="androidx.startup" />
52-->[androidx.emoji2:emoji2:1.2.0] AndroidManifest.xml:31:17-49
53            <meta-data
53-->[androidx.lifecycle:lifecycle-process:2.6.1] AndroidManifest.xml:29:13-31:52
54                android:name="androidx.lifecycle.ProcessLifecycleInitializer"
54-->[androidx.lifecycle:lifecycle-process:2.6.1] AndroidManifest.xml:30:17-78
55                android:value="androidx.startup" />
55-->[androidx.lifecycle:lifecycle-process:2.6.1] AndroidManifest.xml:31:17-49
56            <meta-data
56-->[androidx.profileinstaller:profileinstaller:1.3.0] AndroidManifest.xml:29:13-31:52
57                android:name="androidx.profileinstaller.ProfileInstallerInitializer"
57-->[androidx.profileinstaller:profileinstaller:1.3.0] AndroidManifest.xml:30:17-85
58                android:value="androidx.startup" />
58-->[androidx.profileinstaller:profileinstaller:1.3.0] AndroidManifest.xml:31:17-49
59        </provider>
60
61        <service
61-->[androidx.room:room-runtime:2.6.1] AndroidManifest.xml:24:9-28:63
62            android:name="androidx.room.MultiInstanceInvalidationService"
62-->[androidx.room:room-runtime:2.6.1] AndroidManifest.xml:25:13-74
63            android:directBootAware="true"
63-->[androidx.room:room-runtime:2.6.1] AndroidManifest.xml:26:13-43
64            android:exported="false" />
64-->[androidx.room:room-runtime:2.6.1] AndroidManifest.xml:27:13-37
65
66        <receiver
66-->[androidx.profileinstaller:profileinstaller:1.3.0] AndroidManifest.xml:34:9-52:20
67            android:name="androidx.profileinstaller.ProfileInstallReceiver"
67-->[androidx.profileinstaller:profileinstaller:1.3.0] AndroidManifest.xml:35:13-76
68            android:directBootAware="false"
68-->[androidx.profileinstaller:profileinstaller:1.3.0] AndroidManifest.xml:36:13-44
69            android:enabled="true"
69-->[androidx.profileinstaller:profileinstaller:1.3.0] AndroidManifest.xml:37:13-35
70            android:exported="true"
70-->[androidx.profileinstaller:profileinstaller:1.3.0] AndroidManifest.xml:38:13-36
71            android:permission="android.permission.DUMP" >
71-->[androidx.profileinstaller:profileinstaller:1.3.0] AndroidManifest.xml:39:13-57
72            <intent-filter>
72-->[androidx.profileinstaller:profileinstaller:1.3.0] AndroidManifest.xml:40:13-42:29
73                <action android:name="androidx.profileinstaller.action.INSTALL_PROFILE" />
73-->[androidx.profileinstaller:profileinstaller:1.3.0] AndroidManifest.xml:41:17-91
73-->[androidx.profileinstaller:profileinstaller:1.3.0] AndroidManifest.xml:41:25-88
74            </intent-filter>
75            <intent-filter>
75-->[androidx.profileinstaller:profileinstaller:1.3.0] AndroidManifest.xml:43:13-45:29
76                <action android:name="androidx.profileinstaller.action.SKIP_FILE" />
76-->[androidx.profileinstaller:profileinstaller:1.3.0] AndroidManifest.xml:44:17-85
76-->[androidx.profileinstaller:profileinstaller:1.3.0] AndroidManifest.xml:44:25-82
77            </intent-filter>
78            <intent-filter>
78-->[androidx.profileinstaller:profileinstaller:1.3.0] AndroidManifest.xml:46:13-48:29
79                <action android:name="androidx.profileinstaller.action.SAVE_PROFILE" />
79-->[androidx.profileinstaller:profileinstaller:1.3.0] AndroidManifest.xml:47:17-88
79-->[androidx.profileinstaller:profileinstaller:1.3.0] AndroidManifest.xml:47:25-85
80            </intent-filter>
81            <intent-filter>
81-->[androidx.profileinstaller:profileinstaller:1.3.0] AndroidManifest.xml:49:13-51:29
82                <action android:name="androidx.profileinstaller.action.BENCHMARK_OPERATION" />
82-->[androidx.profileinstaller:profileinstaller:1.3.0] AndroidManifest.xml:50:17-95
82-->[androidx.profileinstaller:profileinstaller:1.3.0] AndroidManifest.xml:50:25-92
83            </intent-filter>
84        </receiver>
85    </application>
86
87</manifest>